2018-11-03 21:30:54,322 -- DEBUG -- 8772 -- MainProcess -- debug message
2018-11-03 21:30:54,336 -- INFO -- 8772 -- MainProcess -- info message
2018-11-03 21:30:54,336 -- WARNING -- 8772 -- MainProcess -- warning message
2018-11-03 21:30:54,337 -- ERROR -- 8772 -- MainProcess -- error message
2018-11-03 21:30:54,337 -- CRITICAL -- 8772 -- MainProcess -- critical message
2018-11-03 21:32:42,975 -- DEBUG -- 4524 -- MainProcess -- debug message
2018-11-03 21:32:42,975 -- INFO -- 4524 -- MainProcess -- info message
2018-11-03 21:32:42,975 -- WARNING -- 4524 -- MainProcess -- warning message
2018-11-03 21:32:42,976 -- ERROR -- 4524 -- MainProcess -- error message
2018-11-03 21:32:42,976 -- CRITICAL -- 4524 -- MainProcess -- critical message
2018-11-03 21:32:52,976 -- DEBUG -- 4524 -- MainProcess -- debug message
2018-11-03 21:32:52,976 -- DEBUG -- 4524 -- MainProcess -- debug message
2018-11-03 21:32:52,977 -- INFO -- 4524 -- MainProcess -- info message
2018-11-03 21:32:52,977 -- INFO -- 4524 -- MainProcess -- info message
2018-11-03 21:32:52,977 -- WARNING -- 4524 -- MainProcess -- warning message
2018-11-03 21:32:52,977 -- WARNING -- 4524 -- MainProcess -- warning message
2018-11-03 21:32:52,977 -- ERROR -- 4524 -- MainProcess -- error message
2018-11-03 21:32:52,977 -- ERROR -- 4524 -- MainProcess -- error message
2018-11-03 21:32:52,977 -- CRITICAL -- 4524 -- MainProcess -- critical message
2018-11-03 21:32:52,977 -- CRITICAL -- 4524 -- MainProcess -- critical message
2018-11-03 21:33:02,977 -- DEBUG -- 4524 -- MainProcess -- debug message
2018-11-03 21:33:02,977 -- DEBUG -- 4524 -- MainProcess -- debug message
2018-11-03 21:33:02,977 -- DEBUG -- 4524 -- MainProcess -- debug message
2018-11-03 21:33:02,978 -- INFO -- 4524 -- MainProcess -- info message
2018-11-03 21:33:02,978 -- INFO -- 4524 -- MainProcess -- info message
2018-11-03 21:33:02,978 -- INFO -- 4524 -- MainProcess -- info message
2018-11-03 21:33:02,978 -- WARNING -- 4524 -- MainProcess -- warning message
2018-11-03 21:33:02,978 -- WARNING -- 4524 -- MainProcess -- warning message
2018-11-03 21:33:02,978 -- WARNING -- 4524 -- MainProcess -- warning message
2018-11-03 21:33:02,978 -- ERROR -- 4524 -- MainProcess -- error message
2018-11-03 21:33:02,978 -- ERROR -- 4524 -- MainProcess -- error message
2018-11-03 21:33:02,978 -- ERROR -- 4524 -- MainProcess -- error message
2018-11-03 21:33:02,979 -- CRITICAL -- 4524 -- MainProcess -- critical message
2018-11-03 21:33:02,979 -- CRITICAL -- 4524 -- MainProcess -- critical message
2018-11-03 21:33:02,979 -- CRITICAL -- 4524 -- MainProcess -- critical message
2018-11-03 21:33:12,980 -- DEBUG -- 4524 -- MainProcess -- debug message
2018-11-03 21:33:12,980 -- DEBUG -- 4524 -- MainProcess -- debug message
2018-11-03 21:33:12,980 -- DEBUG -- 4524 -- MainProcess -- debug message
2018-11-03 21:33:12,980 -- DEBUG -- 4524 -- MainProcess -- debug message
2018-11-03 21:33:12,981 -- INFO -- 4524 -- MainProcess -- info message
2018-11-03 21:33:12,981 -- INFO -- 4524 -- MainProcess -- info message
2018-11-03 21:33:12,981 -- INFO -- 4524 -- MainProcess -- info message
2018-11-03 21:33:12,981 -- INFO -- 4524 -- MainProcess -- info message
2018-11-03 21:33:12,981 -- WARNING -- 4524 -- MainProcess -- warning message
2018-11-03 21:33:12,981 -- WARNING -- 4524 -- MainProcess -- warning message
2018-11-03 21:33:12,981 -- WARNING -- 4524 -- MainProcess -- warning message
2018-11-03 21:33:12,981 -- WARNING -- 4524 -- MainProcess -- warning message
2018-11-03 21:33:12,981 -- ERROR -- 4524 -- MainProcess -- error message
2018-11-03 21:33:12,981 -- ERROR -- 4524 -- MainProcess -- error message
2018-11-03 21:33:12,981 -- ERROR -- 4524 -- MainProcess -- error message
2018-11-03 21:33:12,981 -- ERROR -- 4524 -- MainProcess -- error message
2018-11-03 21:33:12,982 -- CRITICAL -- 4524 -- MainProcess -- critical message
2018-11-03 21:33:12,982 -- CRITICAL -- 4524 -- MainProcess -- critical message
2018-11-03 21:33:12,982 -- CRITICAL -- 4524 -- MainProcess -- critical message
2018-11-03 21:33:12,982 -- CRITICAL -- 4524 -- MainProcess -- critical message
2018-11-03 21:33:22,983 -- DEBUG -- 4524 -- MainProcess -- debug message
2018-11-03 21:33:22,983 -- DEBUG -- 4524 -- MainProcess -- debug message
2018-11-03 21:33:22,983 -- DEBUG -- 4524 -- MainProcess -- debug message
2018-11-03 21:33:22,983 -- DEBUG -- 4524 -- MainProcess -- debug message
2018-11-03 21:33:22,983 -- DEBUG -- 4524 -- MainProcess -- debug message
2018-11-03 21:33:22,984 -- INFO -- 4524 -- MainProcess -- info message
2018-11-03 21:33:22,984 -- INFO -- 4524 -- MainProcess -- info message
2018-11-03 21:33:22,984 -- INFO -- 4524 -- MainProcess -- info message
2018-11-03 21:33:22,984 -- INFO -- 4524 -- MainProcess -- info message
2018-11-03 21:33:22,984 -- INFO -- 4524 -- MainProcess -- info message
2018-11-03 21:33:22,984 -- WARNING -- 4524 -- MainProcess -- warning message
2018-11-03 21:33:22,984 -- WARNING -- 4524 -- MainProcess -- warning message
2018-11-03 21:33:22,984 -- WARNING -- 4524 -- MainProcess -- warning message
2018-11-03 21:33:22,984 -- WARNING -- 4524 -- MainProcess -- warning message
2018-11-03 21:33:22,984 -- WARNING -- 4524 -- MainProcess -- warning message
2018-11-03 21:33:22,984 -- ERROR -- 4524 -- MainProcess -- error message
2018-11-03 21:33:22,984 -- ERROR -- 4524 -- MainProcess -- error message
2018-11-03 21:33:22,984 -- ERROR -- 4524 -- MainProcess -- error message
2018-11-03 21:33:22,984 -- ERROR -- 4524 -- MainProcess -- error message
2018-11-03 21:33:22,984 -- ERROR -- 4524 -- MainProcess -- error message
2018-11-03 21:33:22,984 -- CRITICAL -- 4524 -- MainProcess -- critical message
2018-11-03 21:33:22,984 -- CRITICAL -- 4524 -- MainProcess -- critical message
2018-11-03 21:33:22,984 -- CRITICAL -- 4524 -- MainProcess -- critical message
2018-11-03 21:33:22,984 -- CRITICAL -- 4524 -- MainProcess -- critical message
2018-11-03 21:33:22,984 -- CRITICAL -- 4524 -- MainProcess -- critical message
